<?xml version="1.0" encoding="UTF-8"?>
<!-- Generated by org.testng.reporters.JUnitReportReporter -->
<testsuite hostname="DESKTOP-RBMAVSC" failures="0" tests="1" name="com.poml.tests.newtours.Start" time="0.043" errors="0" timestamp="16 Dec 2021 15:42:46 GMT" skipped="0">
  <testcase classname="com.poml.tests.newtours.Start" name="verifyPageTitle" time="0.043"/>
</testsuite> <!-- com.poml.tests.newtours.Start -->
