<?xml version="1.0" encoding="UTF-8"?>
<!-- Generated by org.testng.reporters.JUnitReportReporter -->
<testsuite hostname="DESKTOP-RBMAVSC" failures="0" tests="4" name="com.poml.tests.newtours.LoginTest" time="26.327" errors="0" timestamp="21 Dec 2021 09:02:16 GMT" skipped="0">
  <testcase classname="com.poml.tests.newtours.LoginTest" name="verifyPageTitle" time="0.008"/>
  <testcase classname="com.poml.tests.newtours.LoginTest" name="verifyPageTitle_Page_Home_and_got_help_desk_list_page" time="3.996"/>
  <testcase classname="com.poml.tests.newtours.LoginTest" name="testLogin_user_name_password" time="3.239"/>
  <testcase classname="com.poml.tests.newtours.LoginTest" name="verifHelp_desk" time="19.084"/>
</testsuite> <!-- com.poml.tests.newtours.LoginTest -->
